\BOOKMARK [0][-]{chapter.1}{\376\377\000I\000c\000y\000\040\000B\000o\000a\000r\000d}{}% 1
\BOOKMARK [1][-]{section.1.1}{\376\377\000K\000e\000y\000\040\000G\000o\000a\000l\000s}{chapter.1}% 2
\BOOKMARK [1][-]{section.1.2}{\376\377\000N\000o\000n\000-\000G\000o\000a\000l\000s\000\040\000\050\000b\000y\000\040\000d\000e\000s\000i\000g\000n\000\051}{chapter.1}% 3
\BOOKMARK [1][-]{section.1.3}{\376\377\000L\000i\000c\000e\000n\000s\000e}{chapter.1}% 4
\BOOKMARK [1][-]{section.1.4}{\376\377\000B\000u\000i\000l\000d\000i\000n\000g}{chapter.1}% 5
\BOOKMARK [1][-]{section.1.5}{\376\377\000G\000e\000t\000t\000i\000n\000g\000\040\000s\000t\000a\000r\000t\000e\000d}{chapter.1}% 6
\BOOKMARK [1][-]{section.1.6}{\376\377\000T\000o\000o\000l\000s}{chapter.1}% 7
\BOOKMARK [1][-]{section.1.7}{\376\377\000D\000i\000r\000e\000c\000t\000o\000r\000y\000\040\000L\000a\000y\000o\000u\000t}{chapter.1}% 8
\BOOKMARK [1][-]{section.1.8}{\376\377\000m\000a\000i\000n\000/\000\040\000f\000i\000l\000e\000s}{chapter.1}% 9
\BOOKMARK [1][-]{section.1.9}{\376\377\000a\000r\000t\000/\000\040\000f\000i\000l\000e\000s}{chapter.1}% 10
\BOOKMARK [1][-]{section.1.10}{\376\377\000i\000c\000b\000s\000e\000t\000u\000p}{chapter.1}% 11
\BOOKMARK [1][-]{section.1.11}{\376\377\000C\000r\000e\000a\000t\000e\000\040\000n\000e\000w\000\040\000B\000B\000S\000\040\000i\000n\000s\000t\000a\000l\000l\000a\000t\000i\000o\000n\000s}{chapter.1}% 12
\BOOKMARK [1][-]{section.1.12}{\376\377\000I\000m\000p\000o\000r\000t\000\040\000l\000e\000g\000a\000c\000y\000\040\000P\000C\000B\000o\000a\000r\000d\000\040\000s\000y\000s\000t\000e\000m\000s}{chapter.1}% 13
\BOOKMARK [1][-]{section.1.13}{\376\377\000P\000o\000s\000t\000-\000i\000m\000p\000o\000r\000t\000\040\000t\000a\000s\000k\000s}{chapter.1}% 14
\BOOKMARK [1][-]{section.1.14}{\376\377\000C\000o\000n\000v\000e\000r\000t\000i\000n\000g\000\040\000P\000P\000E\000\040\000p\000l\000u\000g\000i\000n\000s\000\040\000t\000o\000\040\000m\000o\000d\000e\000r\000n\000\040\000s\000y\000s\000t\000e\000m\000s}{chapter.1}% 15
\BOOKMARK [2][-]{subsection.1.14.1}{\376\377\000I\000n\000t\000r\000o\000d\000u\000c\000t\000i\000o\000n\000\040\000t\000o\000\040\000P\000P\000L}{section.1.14}% 16
\BOOKMARK [3][-]{subsubsection*.3}{\376\377\000C\000o\000r\000e\000\040\000G\000o\000a\000l\000s}{subsection.1.14.1}% 17
\BOOKMARK [3][-]{subsubsection*.4}{\376\377\000V\000o\000c\000a\000b\000u\000l\000a\000r\000y\000:\000\040\000R\000u\000n\000t\000i\000m\000e\000\040\000v\000s\000\040\000L\000a\000n\000g\000u\000a\000g\000e\000\040\000V\000e\000r\000s\000i\000o\000n}{subsection.1.14.1}% 18
\BOOKMARK [3][-]{subsubsection*.5}{\376\377\000T\000o\000o\000l\000c\000h\000a\000i\000n\000\040\000O\000v\000e\000r\000v\000i\000e\000w}{subsection.1.14.1}% 19
\BOOKMARK [3][-]{subsubsection*.6}{\376\377\000p\000p\000l\000d\000\040\000-\000\040\000T\000h\000e\000\040\000D\000e\000c\000o\000m\000p\000i\000l\000e\000r}{subsection.1.14.1}% 20
\BOOKMARK [3][-]{subsubsection*.7}{\376\377\000E\000n\000c\000o\000d\000i\000n\000g\000\040\000\046\000\040\000C\000h\000a\000r\000a\000c\000t\000e\000r\000\040\000S\000e\000t}{subsection.1.14.1}% 21
\BOOKMARK [3][-]{subsubsection*.8}{\376\377\000K\000e\000y\000\040\000D\000i\000f\000f\000e\000r\000e\000n\000c\000e\000s\000\040\000v\000s\000\040\000L\000e\000g\000a\000c\000y\000\040\000P\000P\000L\000C\000\040\000\050\000S\000u\000m\000m\000a\000r\000y\000\051}{subsection.1.14.1}% 22
\BOOKMARK [3][-]{subsubsection*.9}{\376\377\000E\000v\000o\000l\000u\000t\000i\000o\000n\000\040\000b\000y\000\040\000L\000a\000n\000g\000u\000a\000g\000e\000\040\000V\000e\000r\000s\000i\000o\000n}{subsection.1.14.1}% 23
\BOOKMARK [3][-]{subsubsection*.10}{\376\377\000P\000r\000e\000p\000r\000o\000c\000e\000s\000s\000o\000r\000\040\000S\000u\000m\000m\000a\000r\000y}{subsection.1.14.1}% 24
\BOOKMARK [3][-]{subsubsection*.11}{\376\377\000T\000y\000p\000e\000s\000\040\000\046\000\040\000D\000a\000t\000a\000\040\000M\000o\000d\000e\000l\000\040\000\050\000H\000i\000g\000h\000\040\000L\000e\000v\000e\000l\000\051}{subsection.1.14.1}% 25
\BOOKMARK [3][-]{subsubsection*.12}{\376\377\000S\000e\000c\000u\000r\000i\000t\000y\000\040\000\046\000\040\000S\000a\000f\000e\000t\000y\000\040\000N\000o\000t\000e\000s}{subsection.1.14.1}% 26
\BOOKMARK [3][-]{subsubsection*.13}{\376\377\000M\000i\000g\000r\000a\000t\000i\000o\000n\000\040\000W\000o\000r\000k\000f\000l\000o\000w\000\040\000\050\000L\000e\000g\000a\000c\000y\000\040\000P\000P\000E\000\040\000\040\000M\000o\000d\000e\000r\000n\000\040\000P\000P\000L\000\051}{subsection.1.14.1}% 27
\BOOKMARK [3][-]{subsubsection*.14}{\376\377\000D\000i\000s\000a\000s\000s\000e\000m\000b\000l\000y\000\040\000f\000o\000r\000\040\000L\000e\000a\000r\000n\000i\000n\000g}{subsection.1.14.1}% 28
\BOOKMARK [3][-]{subsubsection*.15}{\376\377\000Q\000u\000i\000c\000k\000\040\000R\000e\000f\000e\000r\000e\000n\000c\000e\000\040\000C\000h\000e\000a\000t\000\040\000C\000a\000r\000d}{subsection.1.14.1}% 29
\BOOKMARK [2][-]{subsection.1.14.2}{\376\377\000D\000e\000v\000e\000l\000o\000p\000i\000n\000g\000\040\000P\000P\000L\000\040\000A\000p\000p\000l\000i\000c\000a\000t\000i\000o\000n\000s}{section.1.14}% 30
\BOOKMARK [2][-]{subsection.1.14.3}{\376\377\000P\000C\000B\000o\000a\000r\000d\000\040\000P\000r\000o\000g\000r\000a\000m\000m\000i\000n\000g\000\040\000L\000a\000n\000g\000u\000a\000g\000e\000\040\000\050\000P\000P\000L\000\051}{section.1.14}% 31
\BOOKMARK [3][-]{subsubsection*.16}{\376\377\000C\000o\000n\000t\000r\000o\000l\000\040\000F\000l\000o\000w}{subsection.1.14.3}% 32
\BOOKMARK [3][-]{subsubsection*.17}{\376\377\000P\000r\000o\000c\000e\000d\000u\000r\000a\000l\000\040\000\046\000\040\000C\000a\000l\000l\000s}{subsection.1.14.3}% 33
\BOOKMARK [3][-]{subsubsection*.18}{\376\377\000A\000s\000s\000i\000g\000n\000m\000e\000n\000t\000\040\000\046\000\040\000V\000a\000r\000i\000a\000b\000l\000e\000s}{subsection.1.14.3}% 34
\BOOKMARK [3][-]{subsubsection*.19}{\376\377\000C\000o\000m\000m\000e\000n\000t\000s}{subsection.1.14.3}% 35
\BOOKMARK [3][-]{subsubsection*.20}{\376\377\000M\000i\000s\000c\000e\000l\000l\000a\000n\000e\000o\000u\000s}{subsection.1.14.3}% 36
\BOOKMARK [3][-]{subsubsection*.21}{\376\377\000D\000e\000p\000r\000e\000c\000a\000t\000e\000d\000\040\000/\000\040\000D\000i\000s\000c\000o\000u\000r\000a\000g\000e\000d\000\040\000P\000a\000t\000t\000e\000r\000n\000s}{subsection.1.14.3}% 37
\BOOKMARK [3][-]{subsubsection*.22}{\376\377\000V\000e\000r\000s\000i\000o\000n\000\040\000F\000e\000a\000t\000u\000r\000e\000\040\000M\000a\000t\000r\000i\000x}{subsection.1.14.3}% 38
\BOOKMARK [3][-]{subsubsection*.23}{\376\377\000E\000x\000a\000m\000p\000l\000e\000s}{subsection.1.14.3}% 39
\BOOKMARK [4][-]{paragraph*.24}{\376\377\000P\000P\000L\000\040\000F\000u\000n\000c\000t\000i\000o\000n\000s}{subsubsection*.23}% 40
\BOOKMARK [3][-]{subsubsection*.25}{\376\377\000A\000B\000S\000\040\000\050\0001\000.\0000\0000\000\051}{subsection.1.14.3}% 41
\BOOKMARK [3][-]{subsubsection*.26}{\376\377\000A\000S\000C\000\040\000\050\0001\000.\0000\0000\000\051}{subsection.1.14.3}% 42
\BOOKMARK [3][-]{subsubsection*.27}{\376\377\000C\000A\000L\000L\000I\000D\000\040\000\050\0001\000.\0000\0000\000\051}{subsection.1.14.3}% 43
\BOOKMARK [3][-]{subsubsection*.28}{\376\377\000C\000A\000R\000R\000I\000E\000R\000\040\000\050\0001\000.\0000\0000\000\051}{subsection.1.14.3}% 44
\BOOKMARK [3][-]{subsubsection*.29}{\376\377\000C\000H\000R\000\040\000\050\0001\000.\0000\0000\000\051}{subsection.1.14.3}% 45
\BOOKMARK [3][-]{subsubsection*.30}{\376\377\000C\000O\000N\000F\000I\000N\000F\000O\000\040\000\050\0003\000.\0002\0000\000\051}{subsection.1.14.3}% 46
\BOOKMARK [3][-]{subsubsection*.31}{\376\377\000C\000O\000N\000F\000I\000N\000F\000O\000\040\000\050\000D\000e\000l\000e\000t\000e\000\040\000Q\000u\000e\000u\000e\000\040\000R\000e\000c\000o\000r\000d\000\051\000\040\000\050\0003\000.\0002\0000\000\051}{subsection.1.14.3}% 47
\BOOKMARK [3][-]{subsubsection*.32}{\376\377\000C\000U\000R\000C\000O\000L\000O\000R\000\040\000\050\0001\000.\0000\0000\000\051}{subsection.1.14.3}% 48
\BOOKMARK [3][-]{subsubsection*.33}{\376\377\000C\000U\000R\000C\000O\000N\000F\000\040\000\050\0001\000.\0000\0000\000\051}{subsection.1.14.3}% 49
\BOOKMARK [3][-]{subsubsection*.34}{\376\377\000C\000U\000R\000S\000E\000C\000\040\000\050\0001\000.\0000\0000\000\051}{subsection.1.14.3}% 50
\BOOKMARK [3][-]{subsubsection*.35}{\376\377\000C\000W\000D\000\040\000\050\0003\000.\0002\0000\000\051}{subsection.1.14.3}% 51
\BOOKMARK [3][-]{subsubsection*.36}{\376\377\000D\000A\000T\000E\000\040\000\050\0001\000.\0000\0000\000\051}{subsection.1.14.3}% 52
\BOOKMARK [3][-]{subsubsection*.37}{\376\377\000D\000A\000Y\000\040\000\050\0001\000.\0000\0000\000\051}{subsection.1.14.3}% 53
\BOOKMARK [3][-]{subsubsection*.38}{\376\377\000D\000E\000F\000c\000o\000l\000o\000r\000\040\000\050\0001\000.\0000\0000\000\051}{subsection.1.14.3}% 54
\BOOKMARK [3][-]{subsubsection*.39}{\376\377\000D\000O\000W\000\040\000\050\0001\000.\0000\0000\000\051}{subsection.1.14.3}% 55
\BOOKMARK [3][-]{subsubsection*.40}{\376\377\000E\000X\000I\000S\000T\000\040\000\050\0001\000.\0000\0000\000\051}{subsection.1.14.3}% 56
\BOOKMARK [3][-]{subsubsection*.41}{\376\377\000F\000I\000N\000D\000N\000E\000X\000T\000\040\000\050\0003\000.\0002\0000\000\051}{subsection.1.14.3}% 57
\BOOKMARK [3][-]{subsubsection*.42}{\376\377\000F\000I\000N\000D\000F\000I\000R\000S\000T\000\040\000\050\0003\000.\0002\0000\000\051}{subsection.1.14.3}% 58
\BOOKMARK [3][-]{subsubsection*.43}{\376\377\000F\000T\000E\000L\000L\000\040\000\050\0003\000.\0002\0000\000\051}{subsection.1.14.3}% 59
\BOOKMARK [3][-]{subsubsection*.44}{\376\377\000G\000E\000T\000D\000R\000I\000V\000E\000\040\000\050\0003\000.\0002\0000\000\051}{subsection.1.14.3}% 60
\BOOKMARK [3][-]{subsubsection*.45}{\376\377\000G\000E\000T\000E\000N\000V\000\040\000\050\0001\000.\0000\0000\000\051}{subsection.1.14.3}% 61
\BOOKMARK [3][-]{subsubsection*.46}{\376\377\000G\000E\000T\000X\000\040\000\050\0001\000.\0000\0000\000\051}{subsection.1.14.3}% 62
\BOOKMARK [3][-]{subsubsection*.47}{\376\377\000G\000E\000T\000Y\000\040\000\050\0001\000.\0000\0000\000\051}{subsection.1.14.3}% 63
\BOOKMARK [3][-]{subsubsection*.48}{\376\377\000H\000O\000U\000R\000\040\000\050\0001\000.\0000\0000\000\051}{subsection.1.14.3}% 64
\BOOKMARK [3][-]{subsubsection*.49}{\376\377\000I\0002\000B\000D\000\040\000\050\0003\000.\0002\0000\000\051}{subsection.1.14.3}% 65
\BOOKMARK [3][-]{subsubsection*.50}{\376\377\000I\000N\000K\000E\000Y\000\040\000\050\0001\000.\0000\0000\000\051}{subsection.1.14.3}% 66
\BOOKMARK [3][-]{subsubsection*.51}{\376\377\000I\000N\000S\000T\000R\000\040\000\050\0001\000.\0000\0000\000\051}{subsection.1.14.3}% 67
\BOOKMARK [3][-]{subsubsection*.52}{\376\377\000K\000I\000N\000K\000E\000Y\000\040\000\050\0001\000.\0000\0000\000\051}{subsection.1.14.3}% 68
\BOOKMARK [3][-]{subsubsection*.53}{\376\377\000L\000E\000N\000\040\000\050\0001\000.\0000\0000\000\051}{subsection.1.14.3}% 69
\BOOKMARK [3][-]{subsubsection*.54}{\376\377\000L\000O\000G\000G\000E\000D\000O\000N\000\040\000\050\0001\000.\0000\0000\000\051}{subsection.1.14.3}% 70
\BOOKMARK [3][-]{subsubsection*.55}{\376\377\000L\000O\000W\000E\000R\000\040\000\050\0001\000.\0000\0000\000\051}{subsection.1.14.3}% 71
\BOOKMARK [3][-]{subsubsection*.56}{\376\377\000L\000T\000R\000I\000M\000\040\000\050\0001\000.\0000\0000\000\051}{subsection.1.14.3}% 72
\BOOKMARK [3][-]{subsubsection*.57}{\376\377\000M\000A\000S\000K\000\137\000A\000L\000N\000U\000M\000\040\000\050\0001\000.\0000\0000\000\051}{subsection.1.14.3}% 73
\BOOKMARK [3][-]{subsubsection*.58}{\376\377\000M\000A\000S\000K\000\137\000A\000L\000P\000H\000A\000\040\000\050\0001\000.\0000\0000\000\051}{subsection.1.14.3}% 74
\BOOKMARK [3][-]{subsubsection*.59}{\376\377\000M\000A\000S\000K\000\137\000A\000S\000C\000I\000I\000\040\000\050\0001\000.\0000\0000\000\051}{subsection.1.14.3}% 75
\BOOKMARK [3][-]{subsubsection*.60}{\376\377\000M\000A\000S\000K\000\137\000F\000I\000L\000E\000\040\000\050\0001\000.\0000\0000\000\051}{subsection.1.14.3}% 76
\BOOKMARK [3][-]{subsubsection*.61}{\376\377\000M\000A\000S\000K\000\137\000N\000U\000M\000\040\000\050\0001\000.\0000\0000\000\051}{subsection.1.14.3}% 77
\BOOKMARK [3][-]{subsubsection*.62}{\376\377\000M\000A\000S\000K\000\137\000P\000A\000T\000H\000\040\000\050\0001\000.\0000\0000\000\051}{subsection.1.14.3}% 78
\BOOKMARK [3][-]{subsubsection*.63}{\376\377\000M\000A\000S\000K\000\137\000P\000W\000D\000\040\000\050\0001\000.\0000\0000\000\051}{subsection.1.14.3}% 79
\BOOKMARK [3][-]{subsubsection*.64}{\376\377\000M\000I\000D\000\040\000\050\0001\000.\0000\0000\000\051}{subsection.1.14.3}% 80
\BOOKMARK [3][-]{subsubsection*.65}{\376\377\000M\000I\000N\000\040\000\050\0001\000.\0000\0000\000\051}{subsection.1.14.3}% 81
\BOOKMARK [3][-]{subsubsection*.66}{\376\377\000M\000I\000N\000L\000E\000F\000T\000\040\000\050\0001\000.\0000\0000\000\051}{subsection.1.14.3}% 82
\BOOKMARK [3][-]{subsubsection*.67}{\376\377\000M\000I\000N\000O\000N\000\040\000\050\0001\000.\0000\0000\000\051}{subsection.1.14.3}% 83
\BOOKMARK [3][-]{subsubsection*.68}{\376\377\000M\000K\000D\000A\000T\000E\000\040\000\050\0001\000.\0000\0000\000\051}{subsection.1.14.3}% 84
\BOOKMARK [3][-]{subsubsection*.69}{\376\377\000M\000O\000N\000T\000H\000\040\000\050\0001\000.\0000\0000\000\051}{subsection.1.14.3}% 85
\BOOKMARK [3][-]{subsubsection*.70}{\376\377\000N\000O\000C\000H\000A\000R\000\040\000\050\0001\000.\0000\0000\000\051}{subsection.1.14.3}% 86
\BOOKMARK [3][-]{subsubsection*.71}{\376\377\000O\000S\000\040\000\050\0003\000.\0002\0000\000\051}{subsection.1.14.3}% 87
\BOOKMARK [3][-]{subsubsection*.72}{\376\377\000I\0002\000B\000D\000\040\000\050\0003\000.\0002\0000\000\051}{subsection.1.14.3}% 88
\BOOKMARK [3][-]{subsubsection*.73}{\376\377\000T\000I\000N\000K\000E\000Y\000\040\000\050\0003\000.\0002\0000\000\051}{subsection.1.14.3}% 89
\BOOKMARK [3][-]{subsubsection*.74}{\376\377\000G\000E\000T\000D\000R\000I\000V\000E\000\040\000\050\0003\000.\0002\0000\000\051}{subsection.1.14.3}% 90
\BOOKMARK [3][-]{subsubsection*.75}{\376\377\000C\000O\000N\000F\000I\000N\000F\000O\000\040\000\050\0003\000.\0002\0000\000\051}{subsection.1.14.3}% 91
\BOOKMARK [3][-]{subsubsection*.76}{\376\377\000C\000O\000N\000F\000I\000N\000F\000O\000\040\000\050\000D\000e\000l\000e\000t\000e\000\040\000Q\000u\000e\000u\000e\000\040\000R\000e\000c\000o\000r\000d\000\051\000\040\000\050\0003\000.\0002\0000\000\051}{subsection.1.14.3}% 92
\BOOKMARK [3][-]{subsubsection*.77}{\376\377\000B\000S\0002\000I\000\040\000/\000\040\000B\000D\0002\000I\000\040\000/\000\040\000I\0002\000B\000S\000\040\000/\000\040\000I\0002\000B\000D\000\040\000S\000e\000e\000\040\000A\000l\000s\000o}{subsection.1.14.3}% 93
\BOOKMARK [3][-]{subsubsection*.78}{\376\377\000F\000I\000N\000D\000F\000I\000R\000S\000T\000\040\000\050\0003\000.\0002\0000\000\051}{subsection.1.14.3}% 94
\BOOKMARK [3][-]{subsubsection*.79}{\376\377\000F\000I\000N\000D\000N\000E\000X\000T\000\040\000\050\0003\000.\0002\0000\000\051}{subsection.1.14.3}% 95
\BOOKMARK [3][-]{subsubsection*.80}{\376\377\000R\000A\000N\000D\000O\000M\000\040\000\050\0001\000.\0000\0000\000\051}{subsection.1.14.3}% 96
\BOOKMARK [3][-]{subsubsection*.81}{\376\377\000R\000E\000A\000D\000L\000I\000N\000E\000\040\000\050\0001\000.\0000\0000\000\051}{subsection.1.14.3}% 97
\BOOKMARK [3][-]{subsubsection*.82}{\376\377\000R\000E\000P\000L\000A\000C\000E\000\040\000\050\0001\000.\0000\0000\000\051}{subsection.1.14.3}% 98
\BOOKMARK [3][-]{subsubsection*.83}{\376\377\000R\000E\000P\000L\000A\000C\000E\000S\000T\000R\000\040\000\050\0002\000.\0000\0000\000\051}{subsection.1.14.3}% 99
\BOOKMARK [3][-]{subsubsection*.84}{\376\377\000R\000I\000G\000H\000T\000\040\000\050\0001\000.\0000\0000\000\051}{subsection.1.14.3}% 100
\BOOKMARK [3][-]{subsubsection*.85}{\376\377\000R\000T\000R\000I\000M\000\040\000\050\0001\000.\0000\0000\000\051}{subsection.1.14.3}% 101
\BOOKMARK [3][-]{subsubsection*.86}{\376\377\000S\000C\000R\000T\000E\000X\000T\000\040\000\050\0001\000.\0000\0000\000\051}{subsection.1.14.3}% 102
\BOOKMARK [3][-]{subsubsection*.87}{\376\377\000S\000E\000C\000\040\000\050\0001\000.\0000\0000\000\051}{subsection.1.14.3}% 103
\BOOKMARK [3][-]{subsubsection*.88}{\376\377\000S\000H\000O\000W\000S\000T\000A\000T\000\040\000\050\0001\000.\0000\0000\000\051}{subsection.1.14.3}% 104
\BOOKMARK [3][-]{subsubsection*.89}{\376\377\000S\000P\000A\000C\000E\000\040\000\050\0001\000.\0000\0000\000\051}{subsection.1.14.3}% 105
\BOOKMARK [3][-]{subsubsection*.90}{\376\377\000S\000T\000R\000I\000P\000\040\000\050\0001\000.\0000\0000\000\051}{subsection.1.14.3}% 106
\BOOKMARK [3][-]{subsubsection*.91}{\376\377\000S\000T\000R\000I\000P\000A\000T\000X\000\040\000\050\0001\000.\0000\0000\000\051}{subsection.1.14.3}% 107
\BOOKMARK [3][-]{subsubsection*.92}{\376\377\000S\000T\000R\000I\000P\000S\000T\000R\000\040\000\050\0002\000.\0000\0000\000\051}{subsection.1.14.3}% 108
\BOOKMARK [3][-]{subsubsection*.93}{\376\377\000T\000I\000M\000E\000\040\000\050\0001\000.\0000\0000\000\051}{subsection.1.14.3}% 109
\BOOKMARK [3][-]{subsubsection*.94}{\376\377\000T\000I\000M\000E\000A\000P\000\040\000\050\0001\000.\0000\0000\000\051}{subsection.1.14.3}% 110
\BOOKMARK [3][-]{subsubsection*.95}{\376\377\000T\000I\000N\000K\000E\000Y\000\040\000\050\0003\000.\0002\0000\000\051}{subsection.1.14.3}% 111
\BOOKMARK [3][-]{subsubsection*.96}{\376\377\000T\000O\000K\000C\000O\000U\000N\000T\000\040\000\050\0001\000.\0000\0000\000\051}{subsection.1.14.3}% 112
\BOOKMARK [3][-]{subsubsection*.97}{\376\377\000T\000O\000K\000E\000N\000S\000T\000R\000\040\000\050\0001\000.\0000\0000\000\051}{subsection.1.14.3}% 113
\BOOKMARK [3][-]{subsubsection*.98}{\376\377\000T\000O\000B\000I\000G\000S\000T\000R\000\040\000\050\0002\000.\0000\0000\000\051}{subsection.1.14.3}% 114
\BOOKMARK [3][-]{subsubsection*.99}{\376\377\000T\000O\000S\000T\000R\000I\000N\000G\000\040\000\050\0001\000.\0000\0000\000\051}{subsection.1.14.3}% 115
\BOOKMARK [3][-]{subsubsection*.100}{\376\377\000U\000\137\000B\000D\000L\000\040\000\050\0001\000.\0000\0000\000\051}{subsection.1.14.3}% 116
\BOOKMARK [3][-]{subsubsection*.101}{\376\377\000U\000\137\000B\000D\000L\000D\000A\000Y\000\040\000\050\0001\000.\0000\0000\000\051}{subsection.1.14.3}% 117
\BOOKMARK [3][-]{subsubsection*.102}{\376\377\000U\000\137\000B\000U\000L\000\040\000\050\0001\000.\0000\0000\000\051}{subsection.1.14.3}% 118
\BOOKMARK [3][-]{subsubsection*.103}{\376\377\000U\000\137\000F\000D\000L\000\040\000\050\0001\000.\0000\0000\000\051}{subsection.1.14.3}% 119
\BOOKMARK [3][-]{subsubsection*.104}{\376\377\000U\000\137\000F\000U\000L\000\040\000\050\0001\000.\0000\0000\000\051}{subsection.1.14.3}% 120
\BOOKMARK [3][-]{subsubsection*.105}{\376\377\000U\000\137\000I\000N\000C\000O\000N\000F\000\040\000\050\0001\000.\0000\0000\000\051}{subsection.1.14.3}% 121
\BOOKMARK [3][-]{subsubsection*.106}{\376\377\000U\000\137\000L\000D\000A\000T\000E\000\040\000\050\0001\000.\0000\0000\000\051}{subsection.1.14.3}% 122
\BOOKMARK [3][-]{subsubsection*.107}{\376\377\000U\000\137\000L\000D\000I\000R\000\040\000\050\0001\000.\0000\0000\000\051}{subsection.1.14.3}% 123
\BOOKMARK [3][-]{subsubsection*.108}{\376\377\000U\000\137\000L\000T\000I\000M\000E\000\040\000\050\0001\000.\0000\0000\000\051}{subsection.1.14.3}% 124
\BOOKMARK [3][-]{subsubsection*.109}{\376\377\000U\000\137\000L\000O\000G\000O\000N\000S\000\040\000\050\0001\000.\0000\0000\000\051}{subsection.1.14.3}% 125
\BOOKMARK [3][-]{subsubsection*.110}{\376\377\000U\000\137\000M\000S\000G\000R\000D\000\040\000\050\0001\000.\0000\0000\000\051}{subsection.1.14.3}% 126
\BOOKMARK [3][-]{subsubsection*.111}{\376\377\000U\000\137\000M\000S\000G\000W\000R\000\040\000\050\0001\000.\0000\0000\000\051}{subsection.1.14.3}% 127
\BOOKMARK [3][-]{subsubsection*.112}{\376\377\000U\000\137\000N\000A\000M\000E\000\040\000\050\0001\000.\0000\0000\000\051}{subsection.1.14.3}% 128
\BOOKMARK [3][-]{subsubsection*.113}{\376\377\000U\000\137\000P\000W\000D\000H\000I\000S\000T\000\040\000\050\0001\000.\0000\0000\000\051}{subsection.1.14.3}% 129
\BOOKMARK [3][-]{subsubsection*.114}{\376\377\000U\000\137\000P\000W\000D\000L\000C\000\040\000\050\0001\000.\0000\0000\000\051}{subsection.1.14.3}% 130
\BOOKMARK [3][-]{subsubsection*.115}{\376\377\000U\000\137\000P\000W\000D\000T\000C\000\040\000\050\0001\000.\0000\0000\000\051}{subsection.1.14.3}% 131
\BOOKMARK [3][-]{subsubsection*.116}{\376\377\000U\000\137\000R\000E\000C\000N\000U\000M\000\040\000\050\0001\000.\0000\0000\000\051}{subsection.1.14.3}% 132
\BOOKMARK [3][-]{subsubsection*.117}{\376\377\000U\000\137\000S\000T\000A\000T\000\040\000\050\0001\000.\0000\0000\000\051}{subsection.1.14.3}% 133
\BOOKMARK [3][-]{subsubsection*.118}{\376\377\000U\000\137\000T\000I\000M\000E\000O\000N\000\040\000\050\0001\000.\0000\0000\000\051}{subsection.1.14.3}% 134
\BOOKMARK [3][-]{subsubsection*.119}{\376\377\000U\000P\000P\000E\000R\000\040\000\050\0001\000.\0000\0000\000\051}{subsection.1.14.3}% 135
\BOOKMARK [3][-]{subsubsection*.120}{\376\377\000V\000A\000L\000C\000C\000\040\000\050\0001\000.\0000\0000\000\051}{subsection.1.14.3}% 136
\BOOKMARK [3][-]{subsubsection*.121}{\376\377\000V\000A\000L\000D\000A\000T\000E\000\040\000\050\0001\000.\0000\0000\000\051}{subsection.1.14.3}% 137
\BOOKMARK [3][-]{subsubsection*.122}{\376\377\000V\000A\000L\000T\000I\000M\000E\000\040\000\050\0001\000.\0000\0000\000\051}{subsection.1.14.3}% 138
\BOOKMARK [3][-]{subsubsection*.123}{\376\377\000V\000E\000R\000\040\000\050\0001\000.\0000\0000\000\051}{subsection.1.14.3}% 139
\BOOKMARK [3][-]{subsubsection*.124}{\376\377\000Y\000E\000A\000R\000\040\000\050\0001\000.\0000\0000\000\051}{subsection.1.14.3}% 140
\BOOKMARK [3][-]{subsubsection*.125}{\376\377\000Y\000E\000S\000C\000H\000A\000R\000\040\000\050\0001\000.\0000\0000\000\051}{subsection.1.14.3}% 141
\BOOKMARK [4][-]{paragraph*.126}{\376\377\000P\000P\000L\000\040\000S\000t\000a\000t\000e\000m\000e\000n\000t\000s}{subsubsection*.125}% 142
\BOOKMARK [3][-]{subsubsection*.127}{\376\377\000C\000L\000S\000\040\000\050\0001\000.\0000\0000\000\051}{subsection.1.14.3}% 143
\BOOKMARK [3][-]{subsubsection*.128}{\376\377\000C\000L\000R\000E\000O\000L\000\040\000\050\0001\000.\0000\0000\000\051}{subsection.1.14.3}% 144
\BOOKMARK [3][-]{subsubsection*.129}{\376\377\000C\000O\000L\000O\000R\000\040\000\050\0001\000.\0000\0000\000\051}{subsection.1.14.3}% 145
\BOOKMARK [3][-]{subsubsection*.130}{\376\377\000P\000R\000I\000N\000T\000\040\000\050\0001\000.\0000\0000\000\051}{subsection.1.14.3}% 146
\BOOKMARK [3][-]{subsubsection*.131}{\376\377\000P\000R\000I\000N\000T\000L\000N\000\040\000\050\0001\000.\0000\0000\000\051}{subsection.1.14.3}% 147
\BOOKMARK [3][-]{subsubsection*.132}{\376\377\000S\000P\000R\000I\000N\000T\000\040\000/\000\040\000S\000P\000R\000I\000N\000T\000L\000N\000\040\000\050\0001\000.\0000\0000\000\051}{subsection.1.14.3}% 148
\BOOKMARK [3][-]{subsubsection*.133}{\376\377\000M\000P\000R\000I\000N\000T\000\040\000/\000\040\000M\000P\000R\000I\000N\000T\000L\000N\000\040\000\050\0001\000.\0000\0000\000\051}{subsection.1.14.3}% 149
\BOOKMARK [3][-]{subsubsection*.134}{\376\377\000N\000E\000W\000L\000I\000N\000E\000\040\000\050\0001\000.\0000\0000\000\051}{subsection.1.14.3}% 150
\BOOKMARK [3][-]{subsubsection*.135}{\376\377\000N\000E\000W\000L\000I\000N\000E\000S\000\040\000\050\0001\000.\0000\0000\000\051}{subsection.1.14.3}% 151
\BOOKMARK [3][-]{subsubsection*.136}{\376\377\000I\000N\000P\000U\000T\000\040\000\050\0001\000.\0000\0000\000\051}{subsection.1.14.3}% 152
\BOOKMARK [3][-]{subsubsection*.137}{\376\377\000I\000N\000P\000U\000T\000S\000T\000R\000\040\000/\000\040\000I\000N\000P\000U\000T\000I\000N\000T\000\040\000/\000\040\000I\000N\000P\000U\000T\000D\000A\000T\000E\000\040\000/\000\040\000I\000N\000P\000U\000T\000T\000I\000M\000E\000\040\000/\000\040\000I\000N\000P\000U\000T\000M\000O\000N\000E\000Y\000\040\000/\000\040\000I\000N\000P\000U\000T\000C\000C\000\040\000\050\0001\000.\0000\0000\000\051}{subsection.1.14.3}% 153
\BOOKMARK [3][-]{subsubsection*.138}{\376\377\000I\000N\000P\000U\000T\000Y\000N\000\040\000\050\0001\000.\0000\0000\000\051}{subsection.1.14.3}% 154
\BOOKMARK [3][-]{subsubsection*.139}{\376\377\000K\000I\000L\000L\000M\000S\000G\000\040\000\050\0003\000.\0002\0000\000\051}{subsection.1.14.3}% 155
\BOOKMARK [3][-]{subsubsection*.140}{\376\377\000S\000O\000U\000N\000D\000D\000E\000L\000A\000Y\000\040\000\050\0003\000.\0002\0000\000\051}{subsection.1.14.3}% 156
\BOOKMARK [3][-]{subsubsection*.141}{\376\377\000U\000S\000E\000L\000M\000R\000S\000\040\000\050\0003\000.\0002\0000\000\051}{subsection.1.14.3}% 157
\BOOKMARK [3][-]{subsubsection*.142}{\376\377\000A\000D\000D\000U\000S\000E\000R\000\040\000\050\0003\000.\0002\0000\000\051}{subsection.1.14.3}% 158
\BOOKMARK [3][-]{subsubsection*.143}{\376\377\000M\000K\000D\000I\000R\000\040\000\050\0003\000.\0002\0000\000\051}{subsection.1.14.3}% 159
\BOOKMARK [3][-]{subsubsection*.144}{\376\377\000R\000M\000D\000I\000R\000\040\000\050\0003\000.\0002\0000\000\051}{subsection.1.14.3}% 160
\BOOKMARK [3][-]{subsubsection*.145}{\376\377\000C\000W\000D\000\040\000\050\0003\000.\0002\0000\000\051}{subsection.1.14.3}% 161
\BOOKMARK [3][-]{subsubsection*.146}{\376\377\000A\000D\000J\000T\000U\000B\000Y\000T\000E\000S\000\040\000\050\0003\000.\0002\0000\000\051}{subsection.1.14.3}% 162
\BOOKMARK [3][-]{subsubsection*.147}{\376\377\000G\000R\000A\000F\000M\000O\000D\000E\000\040\000\050\0003\000.\0002\0000\000\051}{subsection.1.14.3}% 163
\BOOKMARK [3][-]{subsubsection*.148}{\376\377\000F\000D\000O\000Q\000A\000D\000D\000\040\000\050\0003\000.\0002\0000\000\051}{subsection.1.14.3}% 164
\BOOKMARK [3][-]{subsubsection*.149}{\376\377\000F\000D\000O\000Q\000M\000O\000D\000\040\000\050\0003\000.\0002\0000\000\051}{subsection.1.14.3}% 165
\BOOKMARK [3][-]{subsubsection*.150}{\376\377\000F\000D\000O\000Q\000D\000E\000L\000\040\000\050\0003\000.\0002\0000\000\051}{subsection.1.14.3}% 166
\BOOKMARK [3][-]{subsubsection*.151}{\376\377\000C\000O\000N\000F\000I\000N\000F\000O\000\040\000\050\000M\000o\000d\000i\000f\000y\000\051\000\040\000\050\0003\000.\0002\0000\000\051}{subsection.1.14.3}% 167
\BOOKMARK [3][-]{subsubsection*.152}{\376\377\000P\000R\000O\000M\000P\000T\000S\000T\000R\000\040\000\050\0001\000.\0000\0000\000\051}{subsection.1.14.3}% 168
\BOOKMARK [3][-]{subsubsection*.153}{\376\377\000T\000O\000K\000E\000N\000I\000Z\000E\000\040\000\050\0001\000.\0000\0000\000\051}{subsection.1.14.3}% 169
\BOOKMARK [3][-]{subsubsection*.154}{\376\377\000G\000E\000T\000T\000O\000K\000E\000N\000\040\000\050\0001\000.\0000\0000\000\051}{subsection.1.14.3}% 170
\BOOKMARK [3][-]{subsubsection*.155}{\376\377\000S\000H\000E\000L\000L\000\040\000\050\0001\000.\0000\0000\000\051}{subsection.1.14.3}% 171
\BOOKMARK [3][-]{subsubsection*.156}{\376\377\000B\000Y\000E\000\040\000/\000\040\000G\000O\000O\000D\000B\000Y\000E\000\040\000\050\0001\000.\0000\0000\000\051}{subsection.1.14.3}% 172
\BOOKMARK [3][-]{subsubsection*.157}{\376\377\000H\000A\000N\000G\000U\000P\000\040\000\050\0001\000.\0000\0000\000\051}{subsection.1.14.3}% 173
\BOOKMARK [3][-]{subsubsection*.158}{\376\377\000L\000O\000G\000\040\000\050\0001\000.\0000\0000\000\051}{subsection.1.14.3}% 174
\BOOKMARK [3][-]{subsubsection*.159}{\376\377\000D\000E\000L\000A\000Y\000\040\000\050\0001\000.\0000\0000\000\051}{subsection.1.14.3}% 175
\BOOKMARK [3][-]{subsubsection*.160}{\376\377\000W\000A\000I\000T\000\040\000\050\0001\000.\0000\0000\000\051}{subsection.1.14.3}% 176
\BOOKMARK [3][-]{subsubsection*.161}{\376\377\000B\000E\000E\000P\000\040\000\050\0001\000.\0000\0000\000\051}{subsection.1.14.3}% 177
\BOOKMARK [3][-]{subsubsection*.162}{\376\377\000K\000B\000D\000S\000T\000U\000F\000F\000\040\000\050\0001\000.\0000\0000\000\051}{subsection.1.14.3}% 178
\BOOKMARK [3][-]{subsubsection*.163}{\376\377\000K\000B\000D\000F\000L\000U\000S\000H\000\040\000/\000\040\000K\000B\000D\000C\000H\000K\000O\000N\000\040\000/\000\040\000K\000B\000D\000C\000H\000K\000O\000F\000F\000\040\000\050\0001\000.\0000\0000\000\051}{subsection.1.14.3}% 179
\BOOKMARK [3][-]{subsubsection*.164}{\376\377\000S\000E\000N\000D\000M\000O\000D\000E\000M\000\040\000\050\0001\000.\0000\0000\000\051}{subsection.1.14.3}% 180
\BOOKMARK [3][-]{subsubsection*.165}{\376\377\000P\000A\000G\000E\000O\000N\000\040\000/\000\040\000P\000A\000G\000E\000O\000F\000F\000\040\000\050\0001\000.\0000\0000\000\051}{subsection.1.14.3}% 181
\BOOKMARK [3][-]{subsubsection*.166}{\376\377\000C\000H\000A\000T\000\040\000\050\0001\000.\0000\0000\000\051}{subsection.1.14.3}% 182
\BOOKMARK [3][-]{subsubsection*.167}{\376\377\000F\000L\000A\000G\000\040\000\050\0001\000.\0000\0000\000\051}{subsection.1.14.3}% 183
\BOOKMARK [3][-]{subsubsection*.168}{\376\377\000A\000L\000I\000A\000S\000\040\000\050\0001\000.\0000\0000\000\051}{subsection.1.14.3}% 184
\BOOKMARK [3][-]{subsubsection*.169}{\376\377\000G\000E\000T\000U\000S\000E\000R\000\040\000/\000\040\000P\000U\000T\000U\000S\000E\000R\000\040\000\050\0001\000.\0000\0000\000\051}{subsection.1.14.3}% 185
\BOOKMARK [3][-]{subsubsection*.170}{\376\377\000G\000E\000T\000A\000L\000T\000U\000S\000E\000R\000\040\000/\000\040\000F\000R\000E\000A\000L\000T\000U\000S\000E\000R\000\040\000/\000\040\000P\000U\000T\000A\000L\000T\000U\000S\000E\000R\000\040\000\050\0001\000.\0000\0000\000\040\000/\000\040\0003\000.\0002\0000\000+\000\040\000s\000e\000m\000a\000n\000t\000i\000c\000s\000\051}{subsection.1.14.3}% 186
\BOOKMARK [3][-]{subsubsection*.171}{\376\377\000A\000D\000J\000T\000I\000M\000E\000\040\000\050\0001\000.\0000\0000\000\051}{subsection.1.14.3}% 187
\BOOKMARK [3][-]{subsubsection*.172}{\376\377\000A\000D\000J\000B\000Y\000T\000E\000S\000\040\000/\000\040\000A\000D\000J\000T\000B\000Y\000T\000E\000S\000\040\000/\000\040\000A\000D\000J\000D\000B\000Y\000T\000E\000S\000\040\000/\000\040\000A\000D\000J\000T\000F\000I\000L\000E\000S\000\040\000\050\0001\000.\0000\0000\000+\000\051}{subsection.1.14.3}% 188
\BOOKMARK [3][-]{subsubsection*.173}{\376\377\000D\000E\000L\000E\000T\000E\000\040\000/\000\040\000R\000E\000N\000A\000M\000E\000\040\000\050\0001\000.\0000\0000\000\051}{subsection.1.14.3}% 189
\BOOKMARK [3][-]{subsubsection*.174}{\376\377\000F\000C\000R\000E\000A\000T\000E\000\040\000/\000\040\000F\000O\000P\000E\000N\000\040\000/\000\040\000F\000A\000P\000P\000E\000N\000D\000\040\000\050\0001\000.\0000\0000\000\051}{subsection.1.14.3}% 190
\BOOKMARK [3][-]{subsubsection*.175}{\376\377\000F\000P\000U\000T\000\040\000/\000\040\000F\000P\000U\000T\000L\000N\000\040\000/\000\040\000F\000P\000U\000T\000P\000A\000D\000\040\000\050\0001\000.\0000\0000\000\051}{subsection.1.14.3}% 191
\BOOKMARK [3][-]{subsubsection*.176}{\376\377\000F\000G\000E\000T\000\040\000\050\0001\000.\0000\0000\000\051}{subsection.1.14.3}% 192
\BOOKMARK [3][-]{subsubsection*.177}{\376\377\000F\000S\000E\000E\000K\000\040\000\050\0001\000.\0000\0000\000\051}{subsection.1.14.3}% 193
\BOOKMARK [3][-]{subsubsection*.178}{\376\377\000F\000F\000L\000U\000S\000H\000\040\000\050\0001\000.\0000\0000\000\051}{subsection.1.14.3}% 194
\BOOKMARK [3][-]{subsubsection*.179}{\376\377\000F\000C\000L\000O\000S\000E\000\040\000/\000\040\000F\000C\000L\000O\000S\000E\000A\000L\000L\000\040\000\050\0001\000.\0000\0000\000\051}{subsection.1.14.3}% 195
\BOOKMARK [3][-]{subsubsection*.180}{\376\377\000F\000R\000E\000A\000D\000\040\000/\000\040\000F\000W\000R\000I\000T\000E\000\040\000\050\0001\000.\0000\0000\000\051}{subsection.1.14.3}% 196
\BOOKMARK [3][-]{subsubsection*.181}{\376\377\000F\000R\000E\000W\000I\000N\000D\000\040\000\050\0001\000.\0000\0000\000\051}{subsection.1.14.3}% 197
\BOOKMARK [3][-]{subsubsection*.182}{\376\377\000D\000I\000S\000P\000F\000I\000L\000E\000\040\000/\000\040\000D\000I\000S\000P\000T\000E\000X\000T\000\040\000/\000\040\000D\000I\000S\000P\000S\000T\000R\000\040\000\050\0001\000.\0000\0000\000\051}{subsection.1.14.3}% 198
\BOOKMARK [3][-]{subsubsection*.183}{\376\377\000R\000E\000S\000E\000T\000D\000I\000S\000P\000\040\000/\000\040\000S\000T\000A\000R\000T\000D\000I\000S\000P\000\040\000\050\0001\000.\0000\0000\000\051}{subsection.1.14.3}% 199
\BOOKMARK [3][-]{subsubsection*.184}{\376\377\000J\000O\000I\000N\000\040\000\050\0001\000.\0000\0000\000\051}{subsection.1.14.3}% 200
\BOOKMARK [3][-]{subsubsection*.185}{\376\377\000C\000O\000N\000F\000F\000L\000A\000G\000\040\000/\000\040\000C\000O\000N\000F\000U\000N\000F\000L\000A\000G\000\040\000\050\0001\000.\0000\0000\000\051}{subsection.1.14.3}% 201
\BOOKMARK [3][-]{subsubsection*.186}{\376\377\000B\000I\000T\000S\000E\000T\000\040\000/\000\040\000B\000I\000T\000C\000L\000E\000A\000R\000\040\000\050\0001\000.\0000\0000\000\051}{subsection.1.14.3}% 202
\BOOKMARK [3][-]{subsubsection*.187}{\376\377\000I\000N\000C\000\040\000/\000\040\000D\000E\000C\000\040\000\050\0001\000.\0000\0000\000\051}{subsection.1.14.3}% 203
\BOOKMARK [3][-]{subsubsection*.188}{\376\377\000A\000L\000I\000A\000S\000\040\000\050\000a\000l\000r\000e\000a\000d\000y\000\040\000d\000o\000c\000u\000m\000e\000n\000t\000e\000d\000\040\000a\000b\000o\000v\000e\000,\000\040\000r\000e\000t\000a\000i\000n\000e\000d\000\040\000f\000o\000r\000\040\000c\000l\000a\000r\000i\000t\000y\000\051}{subsection.1.14.3}% 204
\BOOKMARK [3][-]{subsubsection*.189}{\376\377\000S\000A\000V\000E\000S\000C\000R\000N\000\040\000/\000\040\000R\000E\000S\000T\000S\000C\000R\000N\000\040\000\050\0001\000.\0000\0000\000\051}{subsection.1.14.3}% 205
\BOOKMARK [3][-]{subsubsection*.190}{\376\377\000A\000N\000S\000I\000P\000O\000S\000\040\000\050\0001\000.\0000\0000\000\051}{subsection.1.14.3}% 206
\BOOKMARK [3][-]{subsubsection*.191}{\376\377\000K\000B\000D\000S\000T\000R\000I\000N\000G\000\040\000\050\0001\000.\0000\0000\000\051}{subsection.1.14.3}% 207
\BOOKMARK [3][-]{subsubsection*.192}{\376\377\000S\000E\000T\000E\000N\000V\000\040\000\050\0001\000.\0000\0000\000\051}{subsection.1.14.3}% 208
\BOOKMARK [3][-]{subsubsection*.193}{\376\377\000C\000H\000D\000I\000R\000\040\000\050\0003\000.\0002\0000\000\051}{subsection.1.14.3}% 209
\BOOKMARK [3][-]{subsubsection*.194}{\376\377\000R\000E\000N\000A\000M\000E\000\040\000\050\000a\000l\000r\000e\000a\000d\000y\000\040\000i\000n\000c\000l\000u\000d\000e\000d\000\040\000a\000b\000o\000v\000e\000\051}{subsection.1.14.3}% 210
\BOOKMARK [3][-]{subsubsection*.195}{\376\377\000S\000H\000O\000R\000T\000D\000E\000S\000C\000\040\000\050\0003\000.\0002\0000\000\051}{subsection.1.14.3}% 211
\BOOKMARK [3][-]{subsubsection*.196}{\376\377\000M\000O\000V\000E\000m\000s\000g\000\040\000\050\0003\000.\0002\0000\000\051}{subsection.1.14.3}% 212
\BOOKMARK [3][-]{subsubsection*.197}{\376\377\000S\000E\000T\000B\000A\000N\000K\000B\000A\000L\000\040\000\050\0003\000.\0002\0000\000\051}{subsection.1.14.3}% 213
\BOOKMARK [3][-]{subsubsection*.198}{\376\377\000W\000E\000B\000R\000E\000Q\000U\000E\000S\000T\000\040\000\050\0004\0000\0000\000\040\000t\000e\000n\000t\000a\000t\000i\000v\000e\000\051}{subsection.1.14.3}% 214
\BOOKMARK [3][-]{subsubsection*.199}{\376\377\000D\000*\000\040\000D\000a\000t\000a\000b\000a\000s\000e\000\040\000/\000\040\000T\000a\000b\000l\000e\000\040\000P\000r\000i\000m\000i\000t\000i\000v\000e\000s\000\040\000\050\000O\000v\000e\000r\000v\000i\000e\000w\000\051}{subsection.1.14.3}% 215
